#
# There is insufficient memory for the Java Runtime Environment to continue.
# Native memory allocation (mmap) failed to map 536870912 bytes for Failed to commit area from 0x0000000601000000 to 0x0000000621000000 of length 536870912.
# Possible reasons:
#   The system is out of physical RAM or swap space
#   The process is running with CompressedOops enabled, and the Java Heap may be blocking the growth of the native heap
# Possible solutions:
#   Reduce memory load on the system
#   Increase physical memory or swap space
#   Check if swap backing store is full
#   Decrease Java heap size (-Xmx/-Xms)
#   Decrease number of Java threads
#   Decrease Java thread stack sizes (-Xss)
#   Set larger code cache with -XX:ReservedCodeCacheSize=
# This output file may be truncated or incomplete.
#
#  Out of Memory Error (./src/hotspot/os/windows/os_windows.cpp:3387), pid=3048, tid=19880
#
# JRE version:  (11.0.14+9) (build )
# Java VM: OpenJDK 64-Bit Server VM (11.0.14+9, mixed mode, sharing, tiered, compressed oops, g1 gc, windows-amd64)
# No core dump will be written. Minidumps are not enabled by default on client versions of Windows
#

---------------  S U M M A R Y ------------

Command Line: -javaagent:C:\Program Files\JetBrains\IntelliJ IDEA Community Edition 2022.1.3\lib\idea_rt.jar=63923:C:\Program Files\JetBrains\IntelliJ IDEA Community Edition 2022.1.3\bin -Dfile.encoding=UTF-8 pl.migibud.ForecastApplication

Host: Intel(R) Xeon(R) CPU E3-1280 v6 @ 3.90GHz, 8 cores, 31G,  Windows 10 , 64 bit Build 19041 (10.0.19041.1023)
Time: Thu Nov 17 15:39:04 2022 Œrodkowoeuropejski czas stand. elapsed time: 0.045692 seconds (0d 0h 0m 0s)

---------------  T H R E A D  ---------------

Current thread (0x0000013b59878800):  JavaThread "Unknown thread" [_thread_in_vm, id=19880, stack(0x00000036cbb00000,0x00000036cbc00000)]

Stack: [0x00000036cbb00000,0x00000036cbc00000]
Native frames: (J=compiled Java code, j=interpreted, Vv=VM code, C=native code)
V  [jvm.dll+0x61e59a]
V  [jvm.dll+0x7aaca9]
V  [jvm.dll+0x7ac398]
V  [jvm.dll+0x7aca73]
V  [jvm.dll+0x24f9b8]
V  [jvm.dll+0x61b83a]
V  [jvm.dll+0x6100c5]
V  [jvm.dll+0x30772c]
V  [jvm.dll+0x3075b2]
V  [jvm.dll+0x30c2d6]
V  [jvm.dll+0x35272f]
V  [jvm.dll+0x352160]
V  [jvm.dll+0x2e4728]
V  [jvm.dll+0x2e5886]
V  [jvm.dll+0x784b07]
V  [jvm.dll+0x78628f]
V  [jvm.dll+0x35f479]
V  [jvm.dll+0x767aa0]
V  [jvm.dll+0x3ccf1f]
V  [jvm.dll+0x3cf2b1]
C  [jli.dll+0x5207]
C  [ucrtbase.dll+0x21bb2]
C  [KERNEL32.dll+0x17034]
C  [ntdll.dll+0x52651]


---------------  P R O C E S S  ---------------

Threads class SMR info:
_java_thread_list=0x0000013b59634ef0, length=0, elements={
}

Java Threads: ( => current thread )

Other Threads:
  0x0000013b59890800 GCTaskThread "GC Thread#0" [stack: 0x00000036cbc00000,0x00000036cbd00000] [id=27772]
  0x0000013b59912800 ConcurrentGCThread "G1 Main Marker" [stack: 0x00000036cbd00000,0x00000036cbe00000] [id=8480]
  0x0000013b59913800 ConcurrentGCThread "G1 Conc#0" [stack: 0x00000036cbe00000,0x00000036cbf00000] [id=25936]

[error occurred during error reporting (printing all threads), id 0xc0000005, EXCEPTION_ACCESS_VIOLATION (0xc0000005) at pc=0x00007ffec9873ef7]

VM state:not at safepoint (not fully initialized)

VM Mutex/Monitor currently owned by a thread:  ([mutex/lock_event])
[0x0000013b59875a70] Heap_lock - owner thread: 0x0000013b59878800

Heap address: 0x0000000601000000, size: 8176 MB, Compressed Oops mode: Non-zero based: 0x0000000601000000
Narrow klass base: 0x0000000000000000, Narrow klass shift: 0

GC Heap History (0 events):
No events

Deoptimization events (0 events):
No events

Classes redefined (0 events):
No events

Internal exceptions (0 events):
No events

Events (1 events):
Event: 0.034 Loaded shared library C:\Program Files\Eclipse Adoptium\jdk-11.0.14.9-hotspot\bin\zip.dll


Dynamic libraries:
0x00007ff726640000 - 0x00007ff72664d000 	C:\Program Files\Eclipse Adoptium\jdk-11.0.14.9-hotspot\bin\java.exe
0x00007ff847af0000 - 0x00007ff847ce5000 	C:\Windows\SYSTEM32\ntdll.dll
0x00007ff845c60000 - 0x00007ff845d1d000 	C:\Windows\System32\KERNEL32.dll
0x00007ff844ed0000 - 0x00007ff844fd1000 	C:\Windows\system32\hmpalert.dll
0x00007ff845890000 - 0x00007ff845b58000 	C:\Windows\System32\KERNELBASE.dll
0x00007ff8456e0000 - 0x00007ff8457e0000 	C:\Windows\System32\ucrtbase.dll
0x00007fffb8b90000 - 0x00007fffb8ba7000 	C:\Program Files\Eclipse Adoptium\jdk-11.0.14.9-hotspot\bin\jli.dll
0x00007ff846440000 - 0x00007ff8465e0000 	C:\Windows\System32\USER32.dll
0x00007ff845830000 - 0x00007ff845852000 	C:\Windows\System32\win32u.dll
0x00007ff847980000 - 0x00007ff8479aa000 	C:\Windows\System32\GDI32.dll
0x00007ff8452e0000 - 0x00007ff8453eb000 	C:\Windows\System32\gdi32full.dll
0x00007ff8453f0000 - 0x00007ff84548d000 	C:\Windows\System32\msvcp_win.dll
0x00007ff829a20000 - 0x00007ff829a35000 	C:\Program Files\Eclipse Adoptium\jdk-11.0.14.9-hotspot\bin\VCRUNTIME140.dll
0x00007ff82d400000 - 0x00007ff82d69a000 	C:\Windows\WinSxS\amd64_microsoft.windows.common-controls_6595b64144ccf1df_6.0.19041.1052_none_60b8f8fd71f5e8cb\COMCTL32.dll
0x00007ff845bc0000 - 0x00007ff845c5e000 	C:\Windows\System32\msvcrt.dll
0x00007ff846410000 - 0x00007ff846440000 	C:\Windows\System32\IMM32.DLL
0x00007fff14520000 - 0x00007fff145bb000 	C:\Program Files\Eclipse Adoptium\jdk-11.0.14.9-hotspot\bin\msvcp140.dll
0x00007ffec9580000 - 0x00007ffeca101000 	C:\Program Files\Eclipse Adoptium\jdk-11.0.14.9-hotspot\bin\server\jvm.dll
0x00007ff846360000 - 0x00007ff84640c000 	C:\Windows\System32\ADVAPI32.dll
0x00007ff8479b0000 - 0x00007ff847a4b000 	C:\Windows\System32\sechost.dll
0x00007ff845e60000 - 0x00007ff845f8b000 	C:\Windows\System32\RPCRT4.dll
0x00007ff846970000 - 0x00007ff846978000 	C:\Windows\System32\PSAPI.DLL
0x00007ff831800000 - 0x00007ff831809000 	C:\Windows\SYSTEM32\WSOCK32.dll
0x00007ff8473f0000 - 0x00007ff84745b000 	C:\Windows\System32\WS2_32.dll
0x00007ff83aae0000 - 0x00007ff83ab07000 	C:\Windows\SYSTEM32\WINMM.dll
0x00007ff83fe40000 - 0x00007ff83fe4a000 	C:\Windows\SYSTEM32\VERSION.dll
0x00007ff843050000 - 0x00007ff843062000 	C:\Windows\SYSTEM32\kernel.appcore.dll
0x00007ff829a10000 - 0x00007ff829a20000 	C:\Program Files\Eclipse Adoptium\jdk-11.0.14.9-hotspot\bin\verify.dll
0x00007ff83c940000 - 0x00007ff83cb24000 	C:\Windows\SYSTEM32\DBGHELP.DLL
0x00007ff832880000 - 0x00007ff8328ac000 	C:\Windows\SYSTEM32\dbgcore.DLL
0x00007ff845490000 - 0x00007ff845513000 	C:\Windows\System32\bcryptPrimitives.dll
0x00007fff144f0000 - 0x00007fff14518000 	C:\Program Files\Eclipse Adoptium\jdk-11.0.14.9-hotspot\bin\java.dll
0x00007ff829a00000 - 0x00007ff829a0a000 	C:\Program Files\Eclipse Adoptium\jdk-11.0.14.9-hotspot\bin\jimage.dll
0x00007ff836150000 - 0x00007ff83615e000 	C:\Program Files\Eclipse Adoptium\jdk-11.0.14.9-hotspot\bin\instrument.dll
0x00007fffff690000 - 0x00007fffff6a8000 	C:\Program Files\Eclipse Adoptium\jdk-11.0.14.9-hotspot\bin\zip.dll

dbghelp: loaded successfully - version: 4.0.5 - missing functions: none
symbol engine: initialized successfully - sym options: 0x614 - pdb path: .;C:\Program Files\Eclipse Adoptium\jdk-11.0.14.9-hotspot\bin;C:\Windows\SYSTEM32;C:\Windows\WinSxS\amd64_microsoft.windows.common-controls_6595b64144ccf1df_6.0.19041.1052_none_60b8f8fd71f5e8cb;C:\Program Files\Eclipse Adoptium\jdk-11.0.14.9-hotspot\bin\server

VM Arguments:
jvm_args: -javaagent:C:\Program Files\JetBrains\IntelliJ IDEA Community Edition 2022.1.3\lib\idea_rt.jar=63923:C:\Program Files\JetBrains\IntelliJ IDEA Community Edition 2022.1.3\bin -Dfile.encoding=UTF-8 
java_command: pl.migibud.ForecastApplication
java_class_path (initial): C:\Users\PMIG\Desktop\weathermicroservices\weathermicroservices\forecast\target\classes;C:\Users\PMIG\.m2\repository\org\springframework\boot\spring-boot-starter-web\2.7.4\spring-boot-starter-web-2.7.4.jar;C:\Users\PMIG\.m2\repository\org\springframework\boot\spring-boot-starter\2.7.4\spring-boot-starter-2.7.4.jar;C:\Users\PMIG\.m2\repository\org\springframework\boot\spring-boot\2.7.4\spring-boot-2.7.4.jar;C:\Users\PMIG\.m2\repository\org\springframework\boot\spring-boot-autoconfigure\2.7.4\spring-boot-autoconfigure-2.7.4.jar;C:\Users\PMIG\.m2\repository\org\springframework\boot\spring-boot-starter-logging\2.7.4\spring-boot-starter-logging-2.7.4.jar;C:\Users\PMIG\.m2\repository\ch\qos\logback\logback-classic\1.2.11\logback-classic-1.2.11.jar;C:\Users\PMIG\.m2\repository\ch\qos\logback\logback-core\1.2.11\logback-core-1.2.11.jar;C:\Users\PMIG\.m2\repository\org\apache\logging\log4j\log4j-to-slf4j\2.17.2\log4j-to-slf4j-2.17.2.jar;C:\Users\PMIG\.m2\repository\org\apache\logging\log4j\log4j-api\2.17.2\log4j-api-2.17.2.jar;C:\Users\PMIG\.m2\repository\org\slf4j\jul-to-slf4j\1.7.36\jul-to-slf4j-1.7.36.jar;C:\Users\PMIG\.m2\repository\jakarta\annotation\jakarta.annotation-api\1.3.5\jakarta.annotation-api-1.3.5.jar;C:\Users\PMIG\.m2\repository\org\yaml\snakeyaml\1.30\snakeyaml-1.30.jar;C:\Users\PMIG\.m2\repository\org\springframework\boot\spring-boot-starter-json\2.7.4\spring-boot-starter-json-2.7.4.jar;C:\Users\PMIG\.m2\repository\com\fasterxml\jackson\core\jackson-databind\2.13.4\jackson-databind-2.13.4.jar;C:\Users\PMIG\.m2\repository\com\fasterxml\jackson\datatype\jackson-datatype-jdk8\2.13.4\jackson-datatype-jdk8-2.13.4.jar;C:\Users\PMIG\.m2\repository\com\fasterxml\jackson\datatype\jackson-datatype-jsr310\2.13.4\jackson-datatype-jsr310-2.13.4.jar;C:\Users\PMIG\.m2\repository\com\fasterxml\jackson\module\jackson-module-parameter-names\2.13.4\jackson-module-parameter-names-2.13.4.jar;C:\Users\PMIG\.m2\repository\org\springframework\boot\spri
Launcher Type: SUN_STANDARD

[Global flags]
     intx CICompilerCount                          = 4                                         {product} {ergonomic}
     uint ConcGCThreads                            = 2                                         {product} {ergonomic}
     uint G1ConcRefinementThreads                  = 8                                         {product} {ergonomic}
   size_t G1HeapRegionSize                         = 2097152                                   {product} {ergonomic}
    uintx GCDrainStackTargetSize                   = 64                                        {product} {ergonomic}
   size_t InitialHeapSize                          = 536870912                                 {product} {ergonomic}
   size_t MarkStackSize                            = 4194304                                   {product} {ergonomic}
   size_t MaxHeapSize                              = 8573157376                                {product} {ergonomic}
   size_t MinHeapDeltaBytes                        = 2097152                                   {product} {ergonomic}
    uintx NonNMethodCodeHeapSize                   = 5836300                                {pd product} {ergonomic}
    uintx NonProfiledCodeHeapSize                  = 122910970                              {pd product} {ergonomic}
    uintx ProfiledCodeHeapSize                     = 122910970                              {pd product} {ergonomic}
    uintx ReservedCodeCacheSize                    = 251658240                              {pd product} {ergonomic}
     bool SegmentedCodeCache                       = true                                      {product} {ergonomic}
     bool UseCompressedClassPointers               = true                                 {lp64_product} {ergonomic}
     bool UseCompressedOops                        = true                                 {lp64_product} {ergonomic}
     bool UseG1GC                                  = true                                      {product} {ergonomic}
     bool UseLargePagesIndividualAllocation        = false                                  {pd product} {ergonomic}

Logging:
Log output configuration:
 #0: stdout all=warning uptime,level,tags
 #1: stderr all=off uptime,level,tags

Environment Variables:
JAVA_HOME=C:\Program Files\Eclipse Adoptium\jdk-11.0.14.9-hotspot\
PATH=C:\Program Files (x86)\Common Files\Intel\Shared Libraries\intel64\libfabric\bin\;C:\Program Files (x86)\Common Files\Intel\Shared Libraries\intel64\libfabric\bin\utils;C:\Program Files (x86)\Common Files\Intel\Shared Libraries\intel64\bin;C:\Program Files (x86)\Common Files\Intel\Shared Libraries\ia32;C:\Program Files (x86)\Common Files\Intel\Shared Libraries\intel64;C:\Program Files (x86)\Common Files\Intel\Shared Libraries\;C:\Program Files (x86)\Common Files\Oracle\Java\javapath;C:\Program Files\Eclipse Adoptium\jdk-11.0.14.9-hotspot\bin;C:\Program Files\Eclipse Adoptium\jre-11.0.13.8-hotspot\bin;C:\Windows\system32;C:\Windows;C:\Windows\System32\Wbem;C:\Windows\System32\WindowsPowerShell\v1.0\;C:\Windows\System32\OpenSSH\;C:\Program Files (x86)\PDFtk\bin\;C:\Program Files\Microsoft SQL Server\120\Tools\Binn\;C:\Program Files\Common Files\Autodesk Shared\;C:\Program Files\dotnet\;C:\Program Files\Microsoft SQL Server\130\Tools\Binn\;C:\Program Files\Git\cmd;C:\Program Files\nodejs\;C:\Program Files\Docker\Docker\resources\bin;C:\ProgramData\DockerDesktop\version-bin;C:\Program Files\MySQL\MySQL Shell 8.0\bin\;C:\Users\PMIG\AppData\Local\Programs\Python\Python310\Scripts\;C:\Users\PMIG\AppData\Local\Programs\Python\Python310\;C:\Users\PMIG\AppData\Local\Microsoft\WindowsApps;C:\Users\PMIG\.dotnet\tools;C:\Users\PMIG\AppData\Local\Programs\Microsoft VS Code\bin;C:\Users\PMIG\AppData\Roaming\npm
USERNAME=PMIG
OS=Windows_NT
PROCESSOR_IDENTIFIER=Intel64 Family 6 Model 158 Stepping 9, GenuineIntel



---------------  S Y S T E M  ---------------

OS: Windows 10 , 64 bit Build 19041 (10.0.19041.1023)
OS uptime: 3 days 2:28 hours
Hyper-V role detected

CPU:total 8 (initial active 8) (4 cores per cpu, 2 threads per core) family 6 model 158 stepping 9 microcode 0xde, cmov, cx8, fxsr, mmx, sse, sse2, sse3, ssse3, sse4.1, sse4.2, popcnt, avx, avx2, aes, clmul, erms, rtm, 3dnowpref, lzcnt, ht, tsc, tscinvbit, bmi1, bmi2, adx, fma

Memory: 4k page, system-wide physical 32700M (9573M free)
TotalPageFile size 39865M (AvailPageFile size 126M)
current process WorkingSet (physical memory assigned to process): 10M, peak: 10M
current process commit charge ("private bytes"): 63M, peak: 575M

vm_info: OpenJDK 64-Bit Server VM (11.0.14+9) for windows-amd64 JRE (11.0.14+9), built on Jan 19 2022 06:39:50 by "" with unknown MS VC++:1916

END.
